<?xml version="1.0" encoding="UTF-8"?>
<!-- Generated by org.testng.reporters.JUnitReportReporter -->
<testsuite hostname="HBPTesting" failures="0" tests="8" name="divya.AutomationPrograms.Atlas_rename" time="338.509" errors="0" timestamp="2024-07-12T13:28:51 IST" skipped="0">
  <testcase classname="divya.AutomationPrograms.Atlas_rename" name="Login" time="43.514"/>
  <system-out/>
  <testcase classname="divya.AutomationPrograms.Atlas_rename" name="table" time="8.747"/>
  <system-out/>
  <testcase classname="divya.AutomationPrograms.Atlas_rename" name="Direct_Draw_page" time="15.650"/>
  <system-out/>
  <testcase classname="divya.AutomationPrograms.Atlas_rename" name="search" time="8.542"/>
  <system-out/>
  <testcase classname="divya.AutomationPrograms.Atlas_rename" name="drawSquareInMiddle" time="9.457"/>
  <system-out/>
  <testcase classname="divya.AutomationPrograms.Atlas_rename" name="selectRegion" time="226.936"/>
  <system-out/>
  <testcase classname="divya.AutomationPrograms.Atlas_rename" name="DeleteRegion" time="20.493"/>
  <system-out/>
  <testcase classname="divya.AutomationPrograms.Atlas_rename" name="Save_Del_region" time="5.170"/>
  <system-out/>
</testsuite> <!-- divya.AutomationPrograms.Atlas_rename -->
