<?xml version="1.0" encoding="UTF-8"?>
<!-- Generated by org.testng.reporters.JUnitReportReporter -->
<testsuite hostname="HBPTesting" failures="0" tests="1" name="divya.AutomationPrograms.Api_Atlas_Dashboard" time="23.056" errors="0" timestamp="2024-07-11T13:00:09 IST" skipped="0">
  <testcase classname="divya.AutomationPrograms.Api_Atlas_Dashboard" name="testAPIs" time="23.056"/>
  <system-out/>
</testsuite> <!-- divya.AutomationPrograms.Api_Atlas_Dashboard -->
